\BOOKMARK [0][-]{chapter.1}{\376\377\173\054\116\000\172\340\377\032\145\160\133\146\135\345\121\167\173\307}{}% 1
\BOOKMARK [1][-]{section.1.1}{\376\377\122\006\147\220\173\307}{chapter.1}% 2
\BOOKMARK [1][-]{section.1.2}{\376\377\116\343\145\160\173\307}{chapter.1}% 3
\BOOKMARK [1][-]{section.1.3}{\376\377\151\202\163\207\213\272\116\016\145\160\164\006\176\337\213\241\173\307}{chapter.1}% 4
\BOOKMARK [2][-]{subsection.1.3.1}{\376\377\127\372\170\100\167\345\213\306}{section.1.3}% 5
\BOOKMARK [2][-]{subsection.1.3.2}{\376\377\226\217\147\072\217\307\172\013}{section.1.3}% 6
\BOOKMARK [2][-]{subsection.1.3.3}{\376\377\232\154\134\024\123\357\131\053\166\370\121\163}{section.1.3}% 7
\BOOKMARK [1][-]{section.1.4}{\376\377\145\160\213\272\173\307}{chapter.1}% 8
\BOOKMARK [1][-]{section.1.5}{\376\377\133\236\123\330\121\375\145\160\173\307}{chapter.1}% 9
\BOOKMARK [1][-]{section.1.6}{\376\377\154\333\121\375\122\006\147\220\173\307}{chapter.1}% 10
\BOOKMARK [1][-]{section.1.7}{\376\377\136\070\137\256\122\006\145\271\172\013\173\307}{chapter.1}% 11
\BOOKMARK [1][-]{section.1.8}{\376\377\142\323\142\121\173\307}{chapter.1}% 12
\BOOKMARK [0][-]{chapter.2}{\376\377\173\054\116\214\172\340\377\032\164\006\213\272\122\006\147\220\213\301\146\016\150\106\147\266\154\107\140\073}{}% 13
\BOOKMARK [1][-]{section.2.1}{\376\377\226\366\226\066\117\030\123\026\173\227\154\325}{chapter.2}% 14
\BOOKMARK [2][-]{subsection.2.1.1}{\376\377\166\370\121\163\151\202\137\365}{section.2.1}% 15
\BOOKMARK [2][-]{subsection.2.1.2}{\376\377\136\070\211\301\166\204\120\107\213\276}{section.2.1}% 16
\BOOKMARK [2][-]{subsection.2.1.3}{\376\377\145\066\145\133\140\047\122\006\147\220}{section.2.1}% 17
\BOOKMARK [1][-]{section.2.2}{\376\377\121\205\133\130\122\006\147\220}{chapter.2}% 18
\BOOKMARK [0][-]{chapter.3}{\376\377\173\054\116\011\172\340\377\032\000A\000I\000\040\116\343\170\001\145\164\164\006}{}% 19
\BOOKMARK [1][-]{section.3.1}{\376\377\000P\000y\000t\000o\000r\000c\000h\000\040\217\205\122\251\140\047\135\345\121\167}{chapter.3}% 20
\BOOKMARK [2][-]{subsection.3.1.1}{\376\377\145\345\137\327\173\241\164\006}{section.3.1}% 21
\BOOKMARK [2][-]{subsection.3.1.2}{\376\377\176\310\172\357\201\352\122\250\123\026\214\003\123\302}{section.3.1}% 22
\BOOKMARK [2][-]{subsection.3.1.3}{\376\377\217\333\136\246\147\141\213\276\177\156}{section.3.1}% 23
\BOOKMARK [2][-]{subsection.3.1.4}{\376\377\147\345\213\342\147\015\122\241\126\150\146\076\123\141\134\136\140\047\213\276\177\156}{section.3.1}% 24
\BOOKMARK [2][-]{subsection.3.1.5}{\376\377\000w\000a\000n\000d\000b\133\146\116\140}{section.3.1}% 25
\BOOKMARK [2][-]{subsection.3.1.6}{\376\377\000G\000i\000t\000h\000u\000b\000\040\230\171\166\356\173\241\164\006}{section.3.1}% 26
\BOOKMARK [2][-]{subsection.3.1.7}{\376\377\000T\000i\000k\000z\166\204\117\177\165\050\147\345\213\342}{section.3.1}% 27
\BOOKMARK [1][-]{section.3.2}{\376\377\213\255\176\303\152\041\127\213\166\204\173\200\146\023\155\101\172\013}{chapter.3}% 28
\BOOKMARK [2][-]{subsection.3.2.1}{\376\377\127\372\147\054\155\101\172\013}{section.3.2}% 29
\BOOKMARK [2][-]{subsection.3.2.2}{\376\377\127\372\147\054\116\343\170\001\152\041\127\127\213\346\211\343}{section.3.2}% 30
\BOOKMARK [2][-]{subsection.3.2.3}{\376\377\133\232\122\066\116\343\170\001\152\041\127\127\213\346\211\343}{section.3.2}% 31
\BOOKMARK [1][-]{section.3.3}{\376\377\170\024\172\166\230\206\127\337\124\214\116\343\170\001\177\026\121\231\171\072\117\213}{chapter.3}% 32
\BOOKMARK [2][-]{subsection.3.3.1}{\376\377\126\376\120\317\213\306\122\053\000\050\000C\000o\000m\000p\000u\000t\000e\000r\000\040\000V\000i\000s\000i\000o\000n\000\051}{section.3.3}% 33
\BOOKMARK [2][-]{subsection.3.3.2}{\376\377\201\352\161\066\213\355\212\000\131\004\164\006\000\050\000N\000a\000t\000u\000r\000a\000l\000\040\000L\000a\000n\000g\000u\000a\000g\000e\000\040\000P\000r\000o\000c\000e\000s\000s\000i\000n\000g\000\051}{section.3.3}% 34
\BOOKMARK [2][-]{subsection.3.3.3}{\376\377\165\037\142\020\145\366\133\146\116\140\000\050\000G\000e\000n\000e\000r\000a\000t\000i\000v\000e\000\040\000L\000e\000a\000r\000n\000i\000n\000g\000\051}{section.3.3}% 35
\BOOKMARK [2][-]{subsection.3.3.4}{\376\377\131\032\152\041\140\001\000\050\000M\000u\000l\000t\000i\000m\000o\000d\000a\000l\000\051}{section.3.3}% 36
\BOOKMARK [2][-]{subsection.3.3.5}{\376\377\201\011\121\262\171\136\176\317\177\121\176\334\166\370\121\163\000\050\000S\000N\000N\000\051}{section.3.3}% 37
\BOOKMARK [0][-]{chapter.4}{\376\377\173\054\126\333\172\340\377\032\000A\000I\000\040\167\345\213\306\145\164\164\006}{}% 38
\BOOKMARK [0][-]{chapter.5}{\376\377\173\054\116\224\172\340\377\032\145\207\172\340\154\107\140\073\145\164\164\006}{}% 39
\BOOKMARK [1][-]{section.5.1}{\376\377\236\321\166\322\000-\226\366\226\066\117\030\123\026\225\356\230\230}{chapter.5}% 40
\BOOKMARK [1][-]{section.5.2}{\376\377\131\047\152\041\127\213\137\256\214\003\166\370\121\163}{chapter.5}% 41
\BOOKMARK [1][-]{section.5.3}{\376\377\000S\000N\000N\166\370\121\163\000[\150\041\121\306\000]}{chapter.5}% 42
\BOOKMARK [1][-]{section.5.4}{\376\377\000S\000N\000N\166\370\121\163\000[\221\317\123\026\000]}{chapter.5}% 43
\BOOKMARK [1][-]{section.5.5}{\376\377\000S\000N\000N\166\370\121\163\000[\232\154\134\024\123\357\131\053\000]}{chapter.5}% 44
\BOOKMARK [1][-]{section.5.6}{\376\377\000S\000N\000N\166\370\121\163\000[\177\026\170\001\000]}{chapter.5}% 45
\BOOKMARK [0][-]{chapter.6}{\376\377\173\054\121\155\172\340\377\032\142\200\147\057\154\107\140\073\145\164\164\006}{}% 46
\BOOKMARK [0][-]{chapter.7}{\376\377\173\054\116\003\172\340\377\032\230\171\166\356\176\303\116\140}{}% 47
